Determining if the pthread_create exist failed with the following output:
Change Dir: /home/johnathan/Repositories/VSS-SDK/VSS-Joystick/cmake-build-debug/CMakeFiles/CMakeTmp

Run Build Command:"/usr/bin/make" "cmTC_c80c9/fast"
/usr/bin/make -f CMakeFiles/cmTC_c80c9.dir/build.make CMakeFiles/cmTC_c80c9.dir/build
make[1]: Entering directory '/home/johnathan/Repositories/VSS-SDK/VSS-Joystick/cmake-build-debug/CMakeFiles/CMakeTmp'
Building C object CMakeFiles/cmTC_c80c9.dir/CheckSymbolExists.c.o
/usr/bin/cc    -o CMakeFiles/cmTC_c80c9.dir/CheckSymbolExists.c.o   -c /home/johnathan/Repositories/VSS-SDK/VSS-Joystick/cmake-build-debug/CMakeFiles/CMakeTmp/CheckSymbolExists.c
Linking C executable cmTC_c80c9
/home/johnathan/clion-2018.1.3/bin/cmake/bin/cmake -E cmake_link_script CMakeFiles/cmTC_c80c9.dir/link.txt --verbose=1
/usr/bin/cc      -rdynamic CMakeFiles/cmTC_c80c9.dir/CheckSymbolExists.c.o  -o cmTC_c80c9 
CMakeFiles/cmTC_c80c9.dir/CheckSymbolExists.c.o: na função `main':
CheckSymbolExists.c:(.text+0x16): referência indefinida para `pthread_create'
collect2: error: ld returned 1 exit status
CMakeFiles/cmTC_c80c9.dir/build.make:97: recipe for target 'cmTC_c80c9' failed
make[1]: *** [cmTC_c80c9] Error 1
make[1]: Leaving directory '/home/johnathan/Repositories/VSS-SDK/VSS-Joystick/cmake-build-debug/CMakeFiles/CMakeTmp'
Makefile:126: recipe for target 'cmTC_c80c9/fast' failed
make: *** [cmTC_c80c9/fast] Error 2

File /home/johnathan/Repositories/VSS-SDK/VSS-Joystick/cmake-build-debug/CMakeFiles/CMakeTmp/CheckSymbolExists.c:
/* */
#include <pthread.h>

int main(int argc, char** argv)
{
  (void)argv;
#ifndef pthread_create
  return ((int*)(&pthread_create))[argc];
#else
  (void)argc;
  return 0;
#endif
}

Determining if the function pthread_create exists in the pthreads failed with the following output:
Change Dir: /home/johnathan/Repositories/VSS-SDK/VSS-Joystick/cmake-build-debug/CMakeFiles/CMakeTmp

Run Build Command:"/usr/bin/make" "cmTC_492ce/fast"
/usr/bin/make -f CMakeFiles/cmTC_492ce.dir/build.make CMakeFiles/cmTC_492ce.dir/build
make[1]: Entering directory '/home/johnathan/Repositories/VSS-SDK/VSS-Joystick/cmake-build-debug/CMakeFiles/CMakeTmp'
Building C object CMakeFiles/cmTC_492ce.dir/CheckFunctionExists.c.o
/usr/bin/cc   -DCHECK_FUNCTION_EXISTS=pthread_create   -o CMakeFiles/cmTC_492ce.dir/CheckFunctionExists.c.o   -c /home/johnathan/clion-2018.1.3/bin/cmake/share/cmake-3.10/Modules/CheckFunctionExists.c
Linking C executable cmTC_492ce
/home/johnathan/clion-2018.1.3/bin/cmake/bin/cmake -E cmake_link_script CMakeFiles/cmTC_492ce.dir/link.txt --verbose=1
/usr/bin/cc  -DCHECK_FUNCTION_EXISTS=pthread_create    -rdynamic CMakeFiles/cmTC_492ce.dir/CheckFunctionExists.c.o  -o cmTC_492ce -lpthreads 
/usr/bin/ld: não foi possível encontrar -lpthreads
collect2: error: ld returned 1 exit status
CMakeFiles/cmTC_492ce.dir/build.make:97: recipe for target 'cmTC_492ce' failed
make[1]: *** [cmTC_492ce] Error 1
make[1]: Leaving directory '/home/johnathan/Repositories/VSS-SDK/VSS-Joystick/cmake-build-debug/CMakeFiles/CMakeTmp'
Makefile:126: recipe for target 'cmTC_492ce/fast' failed
make: *** [cmTC_492ce/fast] Error 2


